[0m19:44:30.371501 [debug] [MainThread]: Sending event: {'category': 'dbt', 'action': 'invocation', 'label': 'start', 'context': [<snowplow_tracker.self_describing_json.SelfDescribingJson object at 0x00000186C85327B0>, <snowplow_tracker.self_describing_json.SelfDescribingJson object at 0x00000186CAF647D0>, <snowplow_tracker.self_describing_json.SelfDescribingJson object at 0x00000186CAF64690>]}


============================== 19:44:30.377091 | 7f7a6e5d-06b0-41b1-9677-d8e4cfe0e251 ==============================
[0m19:44:30.377091 [info ] [MainThread]: Running with dbt=1.8.9
[0m19:44:30.377810 [debug] [MainThread]: running dbt with arguments {'printer_width': '80', 'indirect_selection': 'eager', 'write_json': 'True', 'log_cache_events': 'False', 'partial_parse': 'True', 'cache_selected_only': 'False', 'warn_error': 'None', 'version_check': 'True', 'fail_fast': 'False', 'log_path': 'logs', 'debug': 'False', 'profiles_dir': 'C:\\Users\\Umar\\.dbt', 'use_colors': 'True', 'use_experimental_parser': 'False', 'no_print': 'None', 'quiet': 'False', 'empty': 'None', 'log_format': 'default', 'introspect': 'True', 'static_parser': 'True', 'invocation_command': 'dbt init', 'target_path': 'None', 'warn_error_options': 'WarnErrorOptions(include=[], exclude=[])', 'send_anonymous_usage_stats': 'True'}
[0m19:45:27.540590 [debug] [MainThread]: Starter project path: C:\Users\Umar\Documents\DIBIMBING\DBT STAR SCHEMA\venv\Lib\site-packages\dbt\include\starter_project
[0m19:45:27.571447 [info ] [MainThread]: 
Your new dbt project "dibimbing" was created!

For more information on how to configure the profiles.yml file,
please consult the dbt documentation here:

  https://docs.getdbt.com/docs/configure-your-profile

One more thing:

Need help? Don't hesitate to reach out to us via GitHub issues or on Slack:

  https://community.getdbt.com/

Happy modeling!

[0m19:45:27.573121 [info ] [MainThread]: Setting up your profile.
[0m19:47:46.997322 [info ] [MainThread]: Profile dibimbing written to C:\Users\Umar\.dbt\profiles.yml using target's profile_template.yml and your supplied values. Run 'dbt debug' to validate the connection.
[0m19:47:47.010449 [debug] [MainThread]: Command `dbt init` succeeded at 19:47:47.010294 after 196.78 seconds
[0m19:47:47.010794 [debug] [MainThread]: Sending event: {'category': 'dbt', 'action': 'invocation', 'label': 'end', 'context': [<snowplow_tracker.self_describing_json.SelfDescribingJson object at 0x00000186DC0B9E00>, <snowplow_tracker.self_describing_json.SelfDescribingJson object at 0x00000186CB15E450>, <snowplow_tracker.self_describing_json.SelfDescribingJson object at 0x00000186DC0F4F30>]}
[0m19:47:47.011155 [debug] [MainThread]: Flushing usage events
[0m19:47:58.090398 [debug] [MainThread]: Error sending anonymous usage statistics. Disabling tracking for this execution. If you wish to permanently disable tracking, see: https://docs.getdbt.com/reference/global-configs#send-anonymous-usage-stats.
